2015-08-31 21:35:50,619 [Worker-6] INFO  o.e.m.c.i.l.LifecycleMappingFactory - Using org.eclipse.m2e.jdt.JarLifecycleMapping lifecycle mapping for MavenProject: doconnor.aop:AOPAssignment:1.0-SNAPSHOT @ C:\Dev\ecd\1_Assignment\pom.xml.
2015-08-31 21:35:51,791 [Worker-6] INFO  o.e.m.j.i.AbstractJavaProjectConfigurator - Adding source folder /AOPAssignment/src/main/java
2015-08-31 21:35:51,791 [Worker-6] INFO  o.e.m.j.i.AbstractJavaProjectConfigurator - Resources folder /AOPAssignment/src/main/java overlaps with sources folder /AOPAssignment/src/main/java
2015-08-31 21:35:51,791 [Worker-6] INFO  o.e.m.j.i.AbstractJavaProjectConfigurator - Adding source folder /AOPAssignment/src/test/java
2015-08-31 21:35:52,010 [Worker-6] INFO  o.e.m.c.i.p.ProjectConfigurationManager - Imported and configured 1 project(s) in 3 sec
2015-08-31 21:35:52,837 [Worker-5] INFO  o.e.m.c.i.l.LifecycleMappingFactory - Using org.eclipse.m2e.jdt.JarLifecycleMapping lifecycle mapping for MavenProject: doconnor.aop:AOPAssignment:1.0-SNAPSHOT @ C:\Dev\ecd\1_Assignment\pom.xml.
2015-08-31 21:35:56,271 [Worker-6] INFO  o.e.m.i.discovery.MavenDiscovery - No lifecyle mapping found at jar:file:/C:/Users/Ammad/AppData/Local/Temp/RemoteBundleDiscoveryStrategy5991176725848205621.tmp/org.eclipse.m2e.discovery.oss_catalog_1.5.jar_8716347222598080475.jar!/lifecycle%2Forg.eclipse.m2e.discovery.lifecyclemapping.m2e-egit.xml
2015-08-31 21:35:56,271 [Worker-6] WARN  o.e.m.i.discovery.MavenDiscovery - CatalogItem org.eclipse.m2e.discovery.lifecyclemapping.m2e-egit does not contain lifecycle mapping metadata
2015-08-31 21:35:56,271 [Worker-6] INFO  o.e.m.i.discovery.MavenDiscovery - No lifecyle mapping found at jar:file:/C:/Users/Ammad/AppData/Local/Temp/RemoteBundleDiscoveryStrategy5991176725848205621.tmp/org.eclipse.m2e.discovery.oss_catalog_1.5.jar_8716347222598080475.jar!/lifecycle%2Forg.eclipse.m2e.discovery.lifecyclemapping.m2e-subversive.xml
2015-08-31 21:35:56,271 [Worker-6] WARN  o.e.m.i.discovery.MavenDiscovery - CatalogItem org.eclipse.m2e.discovery.lifecyclemapping.m2e-subversive does not contain lifecycle mapping metadata
2015-08-31 21:35:56,287 [Worker-6] INFO  o.e.m.i.discovery.MavenDiscovery - No lifecyle mapping found at jar:file:/C:/Users/Ammad/AppData/Local/Temp/RemoteBundleDiscoveryStrategy5991176725848205621.tmp/org.eclipse.m2e.discovery.oss_catalog_1.5.jar_8716347222598080475.jar!/lifecycle%2Forg.eclipse.m2e.discovery.lifecyclemapping.m2e-subclipse.xml
2015-08-31 21:35:56,287 [Worker-6] WARN  o.e.m.i.discovery.MavenDiscovery - CatalogItem org.eclipse.m2e.discovery.lifecyclemapping.m2e-subclipse does not contain lifecycle mapping metadata
2015-08-31 21:35:57,369 [Worker-1] INFO  o.e.m.c.i.embedder.EclipseLogger - Using 'UTF-8' encoding to copy filtered resources.
2015-08-31 21:35:57,384 [Worker-1] INFO  o.e.m.c.i.embedder.EclipseLogger - Copying 1 resource
2015-08-31 21:35:57,384 [Worker-1] INFO  o.e.m.c.i.embedder.EclipseLogger - skip non existing resourceDirectory C:\Dev\ecd\1_Assignment\src\main\resources
2015-08-31 21:35:57,400 [Worker-1] INFO  o.e.m.c.i.embedder.EclipseLogger - Using 'UTF-8' encoding to copy filtered resources.
2015-08-31 21:35:57,400 [Worker-1] INFO  o.e.m.c.i.embedder.EclipseLogger - skip non existing resourceDirectory C:\Dev\ecd\1_Assignment\src\test\resources
2015-08-31 21:39:20,869 [Worker-2] INFO  o.e.m.c.i.l.LifecycleMappingFactory - Using org.eclipse.m2e.jdt.JarLifecycleMapping lifecycle mapping for MavenProject: doconnor.aop:AOPAssignment:1.0-SNAPSHOT @ C:\Dev\ecd\1\AOP_Assignment\pom.xml.
2015-08-31 21:39:21,384 [Worker-2] INFO  o.e.m.j.i.AbstractJavaProjectConfigurator - Adding source folder /AOPAssignment/src/main/java
2015-08-31 21:39:21,385 [Worker-2] INFO  o.e.m.j.i.AbstractJavaProjectConfigurator - Resources folder /AOPAssignment/src/main/java overlaps with sources folder /AOPAssignment/src/main/java
2015-08-31 21:39:21,389 [Worker-2] INFO  o.e.m.j.i.AbstractJavaProjectConfigurator - Adding source folder /AOPAssignment/src/test/java
2015-08-31 21:39:21,516 [Worker-2] INFO  o.e.m.c.i.p.ProjectConfigurationManager - Imported and configured 1 project(s) in 0 sec
2015-08-31 21:39:21,987 [Worker-8] INFO  o.e.m.c.i.l.LifecycleMappingFactory - Using org.eclipse.m2e.jdt.JarLifecycleMapping lifecycle mapping for MavenProject: doconnor.aop:AOPAssignment:1.0-SNAPSHOT @ C:\Dev\ecd\1\AOP_Assignment\pom.xml.
2015-08-31 21:39:22,682 [Worker-0] INFO  o.e.m.c.i.embedder.EclipseLogger - Using 'UTF-8' encoding to copy filtered resources.
2015-08-31 21:39:22,689 [Worker-0] INFO  o.e.m.c.i.embedder.EclipseLogger - Copying 1 resource
2015-08-31 21:39:22,695 [Worker-0] INFO  o.e.m.c.i.embedder.EclipseLogger - skip non existing resourceDirectory C:\Dev\ecd\1\AOP_Assignment\src\main\resources
2015-08-31 21:39:22,703 [Worker-0] INFO  o.e.m.c.i.embedder.EclipseLogger - Using 'UTF-8' encoding to copy filtered resources.
2015-08-31 21:39:22,703 [Worker-0] INFO  o.e.m.c.i.embedder.EclipseLogger - skip non existing resourceDirectory C:\Dev\ecd\1\AOP_Assignment\src\test\resources
2015-08-31 21:39:24,083 [Worker-0] INFO  o.e.m.c.i.embedder.EclipseLogger - Using 'UTF-8' encoding to copy filtered resources.
2015-08-31 21:39:24,085 [Worker-0] INFO  o.e.m.c.i.embedder.EclipseLogger - Copying 0 resource
2015-08-31 21:39:24,085 [Worker-0] INFO  o.e.m.c.i.embedder.EclipseLogger - skip non existing resourceDirectory C:\Dev\ecd\1\AOP_Assignment\src\main\resources
2015-08-31 21:39:24,087 [Worker-0] INFO  o.e.m.c.i.embedder.EclipseLogger - Using 'UTF-8' encoding to copy filtered resources.
2015-08-31 21:39:24,092 [Worker-0] INFO  o.e.m.c.i.embedder.EclipseLogger - skip non existing resourceDirectory C:\Dev\ecd\1\AOP_Assignment\src\test\resources
2015-08-31 21:56:37,525 [Worker-3] INFO  o.e.m.c.i.l.LifecycleMappingFactory - Using org.eclipse.m2e.jdt.JarLifecycleMapping lifecycle mapping for MavenProject: doconnor.aop:AOPAssignment:1.0-SNAPSHOT @ C:\Dev\ecd\1\AOP_Assignment\pom.xml.
2015-08-31 21:56:38,319 [Worker-3] INFO  o.e.m.j.i.AbstractJavaProjectConfigurator - Adding source folder /AOPAssignment/src/main/java
2015-08-31 21:56:38,320 [Worker-3] INFO  o.e.m.j.i.AbstractJavaProjectConfigurator - Resources folder /AOPAssignment/src/main/java overlaps with sources folder /AOPAssignment/src/main/java
2015-08-31 21:56:38,322 [Worker-3] INFO  o.e.m.j.i.AbstractJavaProjectConfigurator - Adding source folder /AOPAssignment/src/test/java
2015-08-31 21:56:38,451 [Worker-3] INFO  o.e.m.c.i.p.ProjectConfigurationManager - Imported and configured 1 project(s) in 1 sec
2015-08-31 21:56:38,885 [Worker-4] INFO  o.e.m.c.i.l.LifecycleMappingFactory - Using org.eclipse.m2e.jdt.JarLifecycleMapping lifecycle mapping for MavenProject: doconnor.aop:AOPAssignment:1.0-SNAPSHOT @ C:\Dev\ecd\1\AOP_Assignment\pom.xml.
2015-08-31 21:56:41,363 [Worker-3] INFO  o.e.m.i.discovery.MavenDiscovery - No lifecyle mapping found at jar:file:/C:/Users/Ammad/AppData/Local/Temp/RemoteBundleDiscoveryStrategy7642362632316982348.tmp/org.eclipse.m2e.discovery.oss_catalog_1.5.jar_6332473178656603551.jar!/lifecycle%2Forg.eclipse.m2e.discovery.lifecyclemapping.m2e-egit.xml
2015-08-31 21:56:41,364 [Worker-3] WARN  o.e.m.i.discovery.MavenDiscovery - CatalogItem org.eclipse.m2e.discovery.lifecyclemapping.m2e-egit does not contain lifecycle mapping metadata
2015-08-31 21:56:41,370 [Worker-3] INFO  o.e.m.i.discovery.MavenDiscovery - No lifecyle mapping found at jar:file:/C:/Users/Ammad/AppData/Local/Temp/RemoteBundleDiscoveryStrategy7642362632316982348.tmp/org.eclipse.m2e.discovery.oss_catalog_1.5.jar_6332473178656603551.jar!/lifecycle%2Forg.eclipse.m2e.discovery.lifecyclemapping.m2e-subversive.xml
2015-08-31 21:56:41,371 [Worker-3] WARN  o.e.m.i.discovery.MavenDiscovery - CatalogItem org.eclipse.m2e.discovery.lifecyclemapping.m2e-subversive does not contain lifecycle mapping metadata
2015-08-31 21:56:41,377 [Worker-3] INFO  o.e.m.i.discovery.MavenDiscovery - No lifecyle mapping found at jar:file:/C:/Users/Ammad/AppData/Local/Temp/RemoteBundleDiscoveryStrategy7642362632316982348.tmp/org.eclipse.m2e.discovery.oss_catalog_1.5.jar_6332473178656603551.jar!/lifecycle%2Forg.eclipse.m2e.discovery.lifecyclemapping.m2e-subclipse.xml
2015-08-31 21:56:41,377 [Worker-3] WARN  o.e.m.i.discovery.MavenDiscovery - CatalogItem org.eclipse.m2e.discovery.lifecyclemapping.m2e-subclipse does not contain lifecycle mapping metadata
2015-08-31 21:56:43,237 [Worker-7] INFO  o.e.m.c.i.embedder.EclipseLogger - Using 'UTF-8' encoding to copy filtered resources.
2015-08-31 21:56:43,244 [Worker-7] INFO  o.e.m.c.i.embedder.EclipseLogger - Copying 1 resource
2015-08-31 21:56:43,250 [Worker-7] INFO  o.e.m.c.i.embedder.EclipseLogger - skip non existing resourceDirectory C:\Dev\ecd\1\AOP_Assignment\src\main\resources
2015-08-31 21:56:43,254 [Worker-7] INFO  o.e.m.c.i.embedder.EclipseLogger - Using 'UTF-8' encoding to copy filtered resources.
2015-08-31 21:56:43,265 [Worker-7] INFO  o.e.m.c.i.embedder.EclipseLogger - skip non existing resourceDirectory C:\Dev\ecd\1\AOP_Assignment\src\test\resources
